2020-01-12 17:12:04 ERROR AirManService:122 - Error in adding Flight
org.springframework.web.client.ResourceAccessException: I/O error on POST request for "http://localhost:8082/flight/addFlight": Connection refused: connect; nested exception is java.net.ConnectException: Connection refused: connect
	at org.springframework.web.client.RestTemplate.doExecute(RestTemplate.java:744) ~[spring-web-5.1.10.RELEASE.jar:5.1.10.RELEASE]
	at org.springframework.web.client.RestTemplate.execute(RestTemplate.java:710) ~[spring-web-5.1.10.RELEASE.jar:5.1.10.RELEASE]
	at org.springframework.web.client.RestTemplate.postForEntity(RestTemplate.java:463) ~[spring-web-5.1.10.RELEASE.jar:5.1.10.RELEASE]
	at com.airlinesmanagement.service.AirManService.addFlight(AirManService.java:119) [classes/:?]
	at com.airlinesmanagement.AirlinesManagement.main(AirlinesManagement.java:22) [classes/:?]
Caused by: java.net.ConnectException: Connection refused: connect
	at java.base/java.net.PlainSocketImpl.connect0(Native Method) ~[?:?]
	at java.base/java.net.PlainSocketImpl.socketConnect(PlainSocketImpl.java:101) ~[?:?]
	at java.base/java.net.AbstractPlainSocketImpl.doConnect(AbstractPlainSocketImpl.java:399) ~[?:?]
	at java.base/java.net.AbstractPlainSocketImpl.connectToAddress(AbstractPlainSocketImpl.java:242) ~[?:?]
	at java.base/java.net.AbstractPlainSocketImpl.connect(AbstractPlainSocketImpl.java:224) ~[?:?]
	at java.base/java.net.Socket.connect(Socket.java:591) ~[?:?]
	at java.base/java.net.Socket.connect(Socket.java:540) ~[?:?]
	at java.base/sun.net.NetworkClient.doConnect(NetworkClient.java:182) ~[?:?]
	at java.base/sun.net.www.http.HttpClient.openServer(HttpClient.java:474) ~[?:?]
	at java.base/sun.net.www.http.HttpClient.openServer(HttpClient.java:569) ~[?:?]
	at java.base/sun.net.www.http.HttpClient.<init>(HttpClient.java:242) ~[?:?]
	at java.base/sun.net.www.http.HttpClient.New(HttpClient.java:341) ~[?:?]
	at java.base/sun.net.www.http.HttpClient.New(HttpClient.java:362) ~[?:?]
	at java.base/sun.net.www.protocol.http.HttpURLConnection.getNewHttpClient(HttpURLConnection.java:1248) ~[?:?]
	at java.base/sun.net.www.protocol.http.HttpURLConnection.plainConnect0(HttpURLConnection.java:1187) ~[?:?]
	at java.base/sun.net.www.protocol.http.HttpURLConnection.plainConnect(HttpURLConnection.java:1081) ~[?:?]
	at java.base/sun.net.www.protocol.http.HttpURLConnection.connect(HttpURLConnection.java:1015) ~[?:?]
	at org.springframework.http.client.SimpleBufferingClientHttpRequest.executeInternal(SimpleBufferingClientHttpRequest.java:76) ~[spring-web-5.1.10.RELEASE.jar:5.1.10.RELEASE]
	at org.springframework.http.client.AbstractBufferingClientHttpRequest.executeInternal(AbstractBufferingClientHttpRequest.java:48) ~[spring-web-5.1.10.RELEASE.jar:5.1.10.RELEASE]
	at org.springframework.http.client.AbstractClientHttpRequest.execute(AbstractClientHttpRequest.java:53) ~[spring-web-5.1.10.RELEASE.jar:5.1.10.RELEASE]
	at org.springframework.web.client.RestTemplate.doExecute(RestTemplate.java:735) ~[spring-web-5.1.10.RELEASE.jar:5.1.10.RELEASE]
	... 4 more
